
8월 24, 2021 24:41:38.636 NEW SESSION
8월 24, 2021 24:41:38.638 [6964:7408:0824/004138.633:ERROR:usb_descriptors.cc(114)] Failed to parse configuration descriptor.

8월 24, 2021 23:19:11.460 NEW SESSION
8월 24, 2021 23:19:11.460 [5936:8024:0824/231911.458:ERROR:usb_descriptors.cc(114)] Failed to parse configuration descriptor.

8월 26, 2021 11:37:48.318 NEW SESSION
8월 26, 2021 11:37:48.318 [9520:9524:0826/113748.316:ERROR:usb_descriptors.cc(114)] Failed to parse configuration descriptor.

8월 26, 2021 20:13:46.943 NEW SESSION
8월 26, 2021 20:13:46.943 [11892:13032:0826/201346.940:ERROR:usb_descriptors.cc(114)] Failed to parse configuration descriptor.

8월 27, 2021 12:24:26.265 NEW SESSION
8월 27, 2021 12:24:26.265 [7884:8408:0827/122426.263:ERROR:usb_descriptors.cc(114)] Failed to parse configuration descriptor.
8월 27, 2021 15:04:18.140 [7884:9036:0827/150418.140:ERROR:mcs_client.cc(755)] Received close command, resetting connection.

8월 31, 2021 09:53:18.57 NEW SESSION
8월 31, 2021 09:53:18.57 [6828:5108:0831/095318.042:ERROR:device_event_log_impl.cc(214)] [09:53:18.043] USB: usb_device_handle_win.cc:1048 Failed to read descriptor from node connection: 시스템에 부착된 장치가 작동하지 않습니다. (0x1F)
8월 31, 2021 09:53:18.62 [6828:5108:0831/095318.046:ERROR:usb_descriptors.cc(114)] Failed to parse configuration descriptor.
8월 31, 2021 16:38:39.256 [6828:5832:0831/163839.256:ERROR:mcs_client.cc(755)] Received close command, resetting connection.

9월 02, 2021 09:49:15.399 NEW SESSION
9월 02, 2021 09:49:15.399 [2208:4344:0902/094915.397:ERROR:get_updates_processor.cc(257)] PostClientToServerMessage() failed during GetUpdates with error 2
9월 02, 2021 09:50:12.69 [12668:8624:0902/095012.069:ERROR:device_event_log_impl.cc(214)] [09:50:12.069] Bluetooth: bluetooth_adapter_winrt.cc:1073 Getting Default Adapter failed.
9월 02, 2021 19:58:22.377 [12668:8624:0902/195822.377:ERROR:device_event_log_impl.cc(214)] [19:58:22.378] USB: usb_service_win.cc:258 Failed to get device driver name: 요소가 없습니다. (0x490)
9월 02, 2021 20:48:38.627 [12668:2324:0902/204838.626:ERROR:database.cc(1711)] Passwords sqlite error 2067, errno 0: UNIQUE constraint failed: logins.origin_url, logins.username_element, logins.username_value, logins.password_element, logins.signon_realm, sql: INSERT INTO logins (origin_url, action_url, username_element, username_value, password_element, password_value, submit_element, signon_realm, date_created, blacklisted_by_user, scheme, password_type, times_used, form_data, date_synced, display_name, icon_url, federation_url, skip_zero_click, generation_upload_status, possible_username_pairs, id, date_last_used, moving_blocked_for) VALUES (?,?,?,?,?,?,?,?,?,?,?,?,?,?,?,?,?,?,?,?,?,?,?,?)
9월 02, 2021 20:49:58.244 [12668:6840:0902/204958.244:ERROR:database.cc(1711)] Passwords sqlite error 2067, errno 0: UNIQUE constraint failed: logins.origin_url, logins.username_element, logins.username_value, logins.password_element, logins.signon_realm, sql: INSERT INTO logins (origin_url, action_url, username_element, username_value, password_element, password_value, submit_element, signon_realm, date_created, blacklisted_by_user, scheme, password_type, times_used, form_data, date_synced, display_name, icon_url, federation_url, skip_zero_click, generation_upload_status, possible_username_pairs, id, date_last_used, moving_blocked_for) VALUES (?,?,?,?,?,?,?,?,?,?,?,?,?,?,?,?,?,?,?,?,?,?,?,?)
9월 02, 2021 20:51:10.49 [12668:12788:0902/205110.049:ERROR:database.cc(1711)] Passwords sqlite error 2067, errno 0: UNIQUE constraint failed: logins.origin_url, logins.username_element, logins.username_value, logins.password_element, logins.signon_realm, sql: INSERT INTO logins (origin_url, action_url, username_element, username_value, password_element, password_value, submit_element, signon_realm, date_created, blacklisted_by_user, scheme, password_type, times_used, form_data, date_synced, display_name, icon_url, federation_url, skip_zero_click, generation_upload_status, possible_username_pairs, id, date_last_used, moving_blocked_for) VALUES (?,?,?,?,?,?,?,?,?,?,?,?,?,?,?,?,?,?,?,?,?,?,?,?)
9월 02, 2021 20:52:49.594 [12668:12788:0902/205249.594:ERROR:database.cc(1711)] Passwords sqlite error 2067, errno 0: UNIQUE constraint failed: logins.origin_url, logins.username_element, logins.username_value, logins.password_element, logins.signon_realm, sql: INSERT INTO logins (origin_url, action_url, username_element, username_value, password_element, password_value, submit_element, signon_realm, date_created, blacklisted_by_user, scheme, password_type, times_used, form_data, date_synced, display_name, icon_url, federation_url, skip_zero_click, generation_upload_status, possible_username_pairs, id, date_last_used, moving_blocked_for) VALUES (?,?,?,?,?,?,?,?,?,?,?,?,?,?,?,?,?,?,?,?,?,?,?,?)

9월 06, 2021 09:47:39.519 NEW SESSION
9월 06, 2021 09:47:39.519 [6164:9020:0906/094739.518:ERROR:device_event_log_impl.cc(214)] [09:47:39.518] Bluetooth: bluetooth_adapter_winrt.cc:1073 Getting Default Adapter failed.

9월 16, 2021 09:30:56.336 NEW SESSION
9월 16, 2021 09:30:56.336 [8844:4924:0916/093056.335:ERROR:device_event_log_impl.cc(214)] [09:30:56.335] Bluetooth: bluetooth_adapter_winrt.cc:1073 Getting Default Adapter failed.
9월 16, 2021 09:36:53.442 [8844:5420:0916/093653.442:ERROR:database.cc(1674)] Passwords SQLite error: code 2067 errno 0: UNIQUE constraint failed: logins.origin_url, logins.username_element, logins.username_value, logins.password_element, logins.signon_realm sql: INSERT INTO logins (origin_url, action_url, username_element, username_value, password_element, password_value, submit_element, signon_realm, date_created, blacklisted_by_user, scheme, password_type, times_used, form_data, date_synced, display_name, icon_url, federation_url, skip_zero_click, generation_upload_status, possible_username_pairs, id, date_last_used, moving_blocked_for) VALUES (?,?,?,?,?,?,?,?,?,?,?,?,?,?,?,?,?,?,?,?,?,?,?,?)
9월 16, 2021 09:39:28.889 [8844:11476:0916/093928.889:ERROR:database.cc(1674)] Passwords SQLite error: code 2067 errno 0: UNIQUE constraint failed: logins.origin_url, logins.username_element, logins.username_value, logins.password_element, logins.signon_realm sql: INSERT INTO logins (origin_url, action_url, username_element, username_value, password_element, password_value, submit_element, signon_realm, date_created, blacklisted_by_user, scheme, password_type, times_used, form_data, date_synced, display_name, icon_url, federation_url, skip_zero_click, generation_upload_status, possible_username_pairs, id, date_last_used, moving_blocked_for) VALUES (?,?,?,?,?,?,?,?,?,?,?,?,?,?,?,?,?,?,?,?,?,?,?,?)
9월 16, 2021 14:22:30.305 [8844:4924:0916/142230.305:ERROR:device_event_log_impl.cc(214)] [14:22:30.305] USB: usb_service_win.cc:258 Failed to get device driver name: 요소가 없습니다. (0x490)
9월 16, 2021 14:22:30.308 [8844:4924:0916/142230.307:ERROR:device_event_log_impl.cc(214)] [14:22:30.307] USB: usb_service_win.cc:281 SetupDiEnumDeviceInterfaces: 사용 가능한 데이터가 없습니다. (0x103)
9월 16, 2021 14:22:30.517 [8844:4924:0916/142230.517:ERROR:device_event_log_impl.cc(214)] [14:22:30.517] USB: usb_service_win.cc:258 Failed to get device driver name: 요소가 없습니다. (0x490)
9월 16, 2021 14:22:30.519 [8844:4924:0916/142230.519:ERROR:device_event_log_impl.cc(214)] [14:22:30.520] USB: usb_service_win.cc:281 SetupDiEnumDeviceInterfaces: 사용 가능한 데이터가 없습니다. (0x103)
9월 16, 2021 17:02:56.98 [8844:612:0916/170256.098:ERROR:mcs_client.cc(755)] Received close command, resetting connection.

9월 27, 2021 17:06:26.760 NEW SESSION
9월 27, 2021 17:06:26.761 [1544:2464:0927/170626.759:ERROR:device_event_log_impl.cc(214)] [17:06:26.759] USB: usb_service_win.cc:389 Could not read device interface GUIDs: 지정된 파일을 찾을 수 없습니다. (0x2)
9월 27, 2021 17:06:26.767 [1544:2464:0927/170626.767:ERROR:device_event_log_impl.cc(214)] [17:06:26.766] USB: usb_device_handle_win.cc:1048 Failed to read descriptor from node connection: 시스템에 부착된 장치가 작동하지 않습니다. (0x1F)
9월 27, 2021 17:07:23.120 [17604:17048:0927/170723.120:ERROR:device_event_log_impl.cc(214)] [17:07:23.120] USB: usb_service_win.cc:389 Could not read device interface GUIDs: 지정된 파일을 찾을 수 없습니다. (0x2)
9월 27, 2021 17:07:23.130 [17604:17048:0927/170723.130:ERROR:device_event_log_impl.cc(214)] [17:07:23.130] USB: usb_device_handle_win.cc:1048 Failed to read descriptor from node connection: 시스템에 부착된 장치가 작동하지 않습니다. (0x1F)

9월 29, 2021 15:17:51.257 NEW SESSION
9월 29, 2021 15:17:51.257 [18132:22732:0929/151751.256:ERROR:chrome_browser_main_extra_parts_metrics.cc(228)] crbug.com/1216328: Checking Bluetooth availability started. Please report if there is no report that this ends.
9월 29, 2021 15:17:51.258 [18132:22732:0929/151751.256:ERROR:chrome_browser_main_extra_parts_metrics.cc(231)] crbug.com/1216328: Checking Bluetooth availability ended.
9월 29, 2021 15:17:51.258 [18132:22732:0929/151751.256:ERROR:chrome_browser_main_extra_parts_metrics.cc(234)] crbug.com/1216328: Checking default browser status started. Please report if there is no report that this ends.
9월 29, 2021 15:17:51.258 [18132:22732:0929/151751.257:ERROR:chrome_browser_main_extra_parts_metrics.cc(238)] crbug.com/1216328: Checking default browser status ended.
9월 29, 2021 15:17:51.259 [18132:12968:0929/151751.257:ERROR:device_event_log_impl.cc(214)] [15:17:51.257] USB: usb_service_win.cc:389 Could not read device interface GUIDs: 지정된 파일을 찾을 수 없습니다. (0x2)
9월 29, 2021 15:17:51.265 [18132:12968:0929/151751.265:ERROR:device_event_log_impl.cc(214)] [15:17:51.265] USB: usb_device_handle_win.cc:1048 Failed to read descriptor from node connection: 시스템에 부착된 장치가 작동하지 않습니다. (0x1F)
9월 29, 2021 16:20:50.59 [18132:22596:0929/162050.059:ERROR:connection_factory_impl.cc(429)] Failed to connect to MCS endpoint with error -106
9월 29, 2021 16:21:13.323 [18132:22596:0929/162113.323:ERROR:connection_factory_impl.cc(429)] Failed to connect to MCS endpoint with error -105
9월 29, 2021 16:21:17.763 [18132:22596:0929/162117.762:ERROR:connection_factory_impl.cc(429)] Failed to connect to MCS endpoint with error -106
9월 29, 2021 17:57:43.462 [18132:12968:0929/175743.461:ERROR:device_event_log_impl.cc(214)] [17:57:43.461] USB: usb_service_win.cc:258 Failed to get device driver name: 요소가 없습니다. (0x490)

10월 01, 2021 02:03:34.282 NEW SESSION
10월 01, 2021 02:03:34.282 [12348:3680:1001/020334.281:ERROR:chrome_browser_main_extra_parts_metrics.cc(228)] crbug.com/1216328: Checking Bluetooth availability started. Please report if there is no report that this ends.
10월 01, 2021 02:03:34.283 [12348:3680:1001/020334.281:ERROR:chrome_browser_main_extra_parts_metrics.cc(231)] crbug.com/1216328: Checking Bluetooth availability ended.
10월 01, 2021 02:03:34.283 [12348:3680:1001/020334.281:ERROR:chrome_browser_main_extra_parts_metrics.cc(234)] crbug.com/1216328: Checking default browser status started. Please report if there is no report that this ends.
10월 01, 2021 02:03:34.284 [12348:3680:1001/020334.281:ERROR:chrome_browser_main_extra_parts_metrics.cc(238)] crbug.com/1216328: Checking default browser status ended.
10월 01, 2021 02:03:34.284 [12348:20940:1001/020334.283:ERROR:device_event_log_impl.cc(214)] [02:03:34.283] USB: usb_service_win.cc:389 Could not read device interface GUIDs: 지정된 파일을 찾을 수 없습니다. (0x2)
10월 01, 2021 02:03:34.284 [12348:20940:1001/020334.283:ERROR:device_event_log_impl.cc(214)] [02:03:34.284] USB: usb_device_handle_win.cc:1048 Failed to read descriptor from node connection: 시스템에 부착된 장치가 작동하지 않습니다. (0x1F)
10월 01, 2021 02:03:34.284 [12348:20940:1001/020334.284:ERROR:device_event_log_impl.cc(214)] [02:03:34.284] USB: usb_device_handle_win.cc:1048 Failed to read descriptor from node connection: 시스템에 부착된 장치가 작동하지 않습니다. (0x1F)
10월 01, 2021 02:10:24.416 [5476:16272:1001/021024.416:ERROR:chrome_browser_main_extra_parts_metrics.cc(228)] crbug.com/1216328: Checking Bluetooth availability started. Please report if there is no report that this ends.
10월 01, 2021 02:10:24.416 [5476:16272:1001/021024.416:ERROR:chrome_browser_main_extra_parts_metrics.cc(231)] crbug.com/1216328: Checking Bluetooth availability ended.
10월 01, 2021 02:10:24.417 [5476:16272:1001/021024.416:ERROR:chrome_browser_main_extra_parts_metrics.cc(234)] crbug.com/1216328: Checking default browser status started. Please report if there is no report that this ends.
10월 01, 2021 02:10:24.417 [5476:16272:1001/021024.416:ERROR:chrome_browser_main_extra_parts_metrics.cc(238)] crbug.com/1216328: Checking default browser status ended.
10월 01, 2021 02:10:24.418 [5476:24564:1001/021024.418:ERROR:device_event_log_impl.cc(214)] [02:10:24.417] USB: usb_service_win.cc:389 Could not read device interface GUIDs: 지정된 파일을 찾을 수 없습니다. (0x2)
10월 01, 2021 02:10:24.418 [5476:24564:1001/021024.418:ERROR:device_event_log_impl.cc(214)] [02:10:24.418] USB: usb_device_handle_win.cc:1048 Failed to read descriptor from node connection: 시스템에 부착된 장치가 작동하지 않습니다. (0x1F)
10월 01, 2021 02:10:24.419 [5476:24564:1001/021024.418:ERROR:device_event_log_impl.cc(214)] [02:10:24.418] USB: usb_device_handle_win.cc:1048 Failed to read descriptor from node connection: 시스템에 부착된 장치가 작동하지 않습니다. (0x1F)

10월 05, 2021 10:18:49.94 NEW SESSION
10월 05, 2021 10:18:49.94 [10784:20312:1005/101849.093:ERROR:chrome_browser_main_extra_parts_metrics.cc(228)] crbug.com/1216328: Checking Bluetooth availability started. Please report if there is no report that this ends.
10월 05, 2021 10:18:49.96 [10784:20312:1005/101849.093:ERROR:chrome_browser_main_extra_parts_metrics.cc(231)] crbug.com/1216328: Checking Bluetooth availability ended.
10월 05, 2021 10:18:49.96 [10784:20312:1005/101849.093:ERROR:chrome_browser_main_extra_parts_metrics.cc(234)] crbug.com/1216328: Checking default browser status started. Please report if there is no report that this ends.
10월 05, 2021 10:18:49.97 [10784:20312:1005/101849.094:ERROR:chrome_browser_main_extra_parts_metrics.cc(238)] crbug.com/1216328: Checking default browser status ended.
10월 05, 2021 10:18:49.99 [10784:19128:1005/101849.099:ERROR:device_event_log_impl.cc(214)] [10:18:49.098] USB: usb_service_win.cc:389 Could not read device interface GUIDs: 지정된 파일을 찾을 수 없습니다. (0x2)
10월 05, 2021 10:18:49.100 [10784:19128:1005/101849.099:ERROR:device_event_log_impl.cc(214)] [10:18:49.099] USB: usb_device_handle_win.cc:1048 Failed to read descriptor from node connection: 시스템에 부착된 장치가 작동하지 않습니다. (0x1F)
10월 05, 2021 10:18:49.109 [10784:19128:1005/101849.109:ERROR:device_event_log_impl.cc(214)] [10:18:49.108] USB: usb_device_handle_win.cc:1048 Failed to read descriptor from node connection: 시스템에 부착된 장치가 작동하지 않습니다. (0x1F)
10월 05, 2021 10:38:28.345 [10784:18896:1005/103828.344:ERROR:database.cc(1761)] Passwords SQLite error: code 2067 errno 0: UNIQUE constraint failed: logins.origin_url, logins.username_element, logins.username_value, logins.password_element, logins.signon_realm sql: INSERT INTO logins (origin_url, action_url, username_element, username_value, password_element, password_value, submit_element, signon_realm, date_created, blacklisted_by_user, scheme, password_type, times_used, form_data, display_name, icon_url, federation_url, skip_zero_click, generation_upload_status, possible_username_pairs, id, date_last_used, moving_blocked_for, date_password_modified) VALUES (?,?,?,?,?,?,?,?,?,?,?,?,?,?,?,?,?,?,?,?,?,?,?,?)
10월 05, 2021 10:45:37.281 [10784:18896:1005/104537.281:ERROR:database.cc(1761)] Passwords SQLite error: code 2067 errno 0: UNIQUE constraint failed: logins.origin_url, logins.username_element, logins.username_value, logins.password_element, logins.signon_realm sql: INSERT INTO logins (origin_url, action_url, username_element, username_value, password_element, password_value, submit_element, signon_realm, date_created, blacklisted_by_user, scheme, password_type, times_used, form_data, display_name, icon_url, federation_url, skip_zero_click, generation_upload_status, possible_username_pairs, id, date_last_used, moving_blocked_for, date_password_modified) VALUES (?,?,?,?,?,?,?,?,?,?,?,?,?,?,?,?,?,?,?,?,?,?,?,?)
10월 05, 2021 11:10:20.776 [10784:11460:1005/111020.775:ERROR:database.cc(1761)] Passwords SQLite error: code 2067 errno 0: UNIQUE constraint failed: logins.origin_url, logins.username_element, logins.username_value, logins.password_element, logins.signon_realm sql: INSERT INTO logins (origin_url, action_url, username_element, username_value, password_element, password_value, submit_element, signon_realm, date_created, blacklisted_by_user, scheme, password_type, times_used, form_data, display_name, icon_url, federation_url, skip_zero_click, generation_upload_status, possible_username_pairs, id, date_last_used, moving_blocked_for, date_password_modified) VALUES (?,?,?,?,?,?,?,?,?,?,?,?,?,?,?,?,?,?,?,?,?,?,?,?)
10월 05, 2021 11:19:30.672 [10784:21028:1005/111930.672:ERROR:database.cc(1761)] Passwords SQLite error: code 2067 errno 0: UNIQUE constraint failed: logins.origin_url, logins.username_element, logins.username_value, logins.password_element, logins.signon_realm sql: INSERT INTO logins (origin_url, action_url, username_element, username_value, password_element, password_value, submit_element, signon_realm, date_created, blacklisted_by_user, scheme, password_type, times_used, form_data, display_name, icon_url, federation_url, skip_zero_click, generation_upload_status, possible_username_pairs, id, date_last_used, moving_blocked_for, date_password_modified) VALUES (?,?,?,?,?,?,?,?,?,?,?,?,?,?,?,?,?,?,?,?,?,?,?,?)
10월 05, 2021 13:07:02.775 [10784:14644:1005/130702.774:ERROR:database.cc(1761)] Passwords SQLite error: code 2067 errno 0: UNIQUE constraint failed: logins.origin_url, logins.username_element, logins.username_value, logins.password_element, logins.signon_realm sql: INSERT INTO logins (origin_url, action_url, username_element, username_value, password_element, password_value, submit_element, signon_realm, date_created, blacklisted_by_user, scheme, password_type, times_used, form_data, display_name, icon_url, federation_url, skip_zero_click, generation_upload_status, possible_username_pairs, id, date_last_used, moving_blocked_for, date_password_modified) VALUES (?,?,?,?,?,?,?,?,?,?,?,?,?,?,?,?,?,?,?,?,?,?,?,?)
10월 05, 2021 13:26:58.237 [10784:9032:1005/132658.236:ERROR:database.cc(1761)] Passwords SQLite error: code 2067 errno 0: UNIQUE constraint failed: logins.origin_url, logins.username_element, logins.username_value, logins.password_element, logins.signon_realm sql: INSERT INTO logins (origin_url, action_url, username_element, username_value, password_element, password_value, submit_element, signon_realm, date_created, blacklisted_by_user, scheme, password_type, times_used, form_data, display_name, icon_url, federation_url, skip_zero_click, generation_upload_status, possible_username_pairs, id, date_last_used, moving_blocked_for, date_password_modified) VALUES (?,?,?,?,?,?,?,?,?,?,?,?,?,?,?,?,?,?,?,?,?,?,?,?)
10월 05, 2021 13:56:15.507 [10784:19128:1005/135615.507:ERROR:device_event_log_impl.cc(214)] [13:56:15.507] USB: usb_service_win.cc:258 Failed to get device driver name: 요소가 없습니다. (0x490)
10월 05, 2021 14:33:27.241 [10784:22180:1005/143327.241:ERROR:database.cc(1761)] Passwords SQLite error: code 2067 errno 0: UNIQUE constraint failed: logins.origin_url, logins.username_element, logins.username_value, logins.password_element, logins.signon_realm sql: INSERT INTO logins (origin_url, action_url, username_element, username_value, password_element, password_value, submit_element, signon_realm, date_created, blacklisted_by_user, scheme, password_type, times_used, form_data, display_name, icon_url, federation_url, skip_zero_click, generation_upload_status, possible_username_pairs, id, date_last_used, moving_blocked_for, date_password_modified) VALUES (?,?,?,?,?,?,?,?,?,?,?,?,?,?,?,?,?,?,?,?,?,?,?,?)
10월 05, 2021 14:37:03.828 [10784:21620:1005/143703.828:ERROR:database.cc(1761)] Passwords SQLite error: code 2067 errno 0: UNIQUE constraint failed: logins.origin_url, logins.username_element, logins.username_value, logins.password_element, logins.signon_realm sql: INSERT INTO logins (origin_url, action_url, username_element, username_value, password_element, password_value, submit_element, signon_realm, date_created, blacklisted_by_user, scheme, password_type, times_used, form_data, display_name, icon_url, federation_url, skip_zero_click, generation_upload_status, possible_username_pairs, id, date_last_used, moving_blocked_for, date_password_modified) VALUES (?,?,?,?,?,?,?,?,?,?,?,?,?,?,?,?,?,?,?,?,?,?,?,?)
10월 05, 2021 14:59:40.129 [10784:21560:1005/145940.129:ERROR:database.cc(1761)] Passwords SQLite error: code 2067 errno 0: UNIQUE constraint failed: logins.origin_url, logins.username_element, logins.username_value, logins.password_element, logins.signon_realm sql: INSERT INTO logins (origin_url, action_url, username_element, username_value, password_element, password_value, submit_element, signon_realm, date_created, blacklisted_by_user, scheme, password_type, times_used, form_data, display_name, icon_url, federation_url, skip_zero_click, generation_upload_status, possible_username_pairs, id, date_last_used, moving_blocked_for, date_password_modified) VALUES (?,?,?,?,?,?,?,?,?,?,?,?,?,?,?,?,?,?,?,?,?,?,?,?)
10월 05, 2021 15:56:21.757 [10784:19128:1005/155621.757:ERROR:device_event_log_impl.cc(214)] [15:56:21.758] USB: usb_service_win.cc:258 Failed to get device driver name: 요소가 없습니다. (0x490)
10월 05, 2021 15:56:21.791 [10784:19128:1005/155621.790:ERROR:device_event_log_impl.cc(214)] [15:56:21.789] USB: usb_service_win.cc:281 SetupDiEnumDeviceInterfaces: 사용 가능한 데이터가 없습니다. (0x103)

10월 12, 2021 15:18:00.238 NEW SESSION
10월 12, 2021 15:18:00.238 [21896:12840:1012/151800.236:ERROR:chrome_browser_main_extra_parts_metrics.cc(228)] crbug.com/1216328: Checking Bluetooth availability started. Please report if there is no report that this ends.
10월 12, 2021 15:18:00.239 [21896:12840:1012/151800.236:ERROR:chrome_browser_main_extra_parts_metrics.cc(231)] crbug.com/1216328: Checking Bluetooth availability ended.
10월 12, 2021 15:18:00.239 [21896:12840:1012/151800.236:ERROR:chrome_browser_main_extra_parts_metrics.cc(234)] crbug.com/1216328: Checking default browser status started. Please report if there is no report that this ends.
10월 12, 2021 15:18:00.240 [21896:12840:1012/151800.240:ERROR:chrome_browser_main_extra_parts_metrics.cc(238)] crbug.com/1216328: Checking default browser status ended.
10월 12, 2021 15:18:00.246 [21896:9328:1012/151800.245:ERROR:device_event_log_impl.cc(214)] [15:18:00.246] USB: usb_service_win.cc:389 Could not read device interface GUIDs: 지정된 파일을 찾을 수 없습니다. (0x2)
10월 12, 2021 15:18:00.250 [21896:9328:1012/151800.249:ERROR:device_event_log_impl.cc(214)] [15:18:00.250] USB: usb_device_handle_win.cc:1048 Failed to read descriptor from node connection: 시스템에 부착된 장치가 작동하지 않습니다. (0x1F)
10월 12, 2021 16:19:06.895 [21896:16300:1012/161906.895:ERROR:database.cc(1761)] Passwords SQLite error: code 2067 errno 0: UNIQUE constraint failed: logins.origin_url, logins.username_element, logins.username_value, logins.password_element, logins.signon_realm sql: INSERT INTO logins (origin_url, action_url, username_element, username_value, password_element, password_value, submit_element, signon_realm, date_created, blacklisted_by_user, scheme, password_type, times_used, form_data, display_name, icon_url, federation_url, skip_zero_click, generation_upload_status, possible_username_pairs, id, date_last_used, moving_blocked_for, date_password_modified) VALUES (?,?,?,?,?,?,?,?,?,?,?,?,?,?,?,?,?,?,?,?,?,?,?,?)
10월 12, 2021 16:19:17.449 [21896:8656:1012/161917.449:ERROR:database.cc(1761)] Passwords SQLite error: code 2067 errno 0: UNIQUE constraint failed: logins.origin_url, logins.username_element, logins.username_value, logins.password_element, logins.signon_realm sql: INSERT INTO logins (origin_url, action_url, username_element, username_value, password_element, password_value, submit_element, signon_realm, date_created, blacklisted_by_user, scheme, password_type, times_used, form_data, display_name, icon_url, federation_url, skip_zero_click, generation_upload_status, possible_username_pairs, id, date_last_used, moving_blocked_for, date_password_modified) VALUES (?,?,?,?,?,?,?,?,?,?,?,?,?,?,?,?,?,?,?,?,?,?,?,?)
10월 12, 2021 16:49:10.282 [21896:26356:1012/164910.282:ERROR:database.cc(1761)] Passwords SQLite error: code 2067 errno 0: UNIQUE constraint failed: logins.origin_url, logins.username_element, logins.username_value, logins.password_element, logins.signon_realm sql: INSERT INTO logins (origin_url, action_url, username_element, username_value, password_element, password_value, submit_element, signon_realm, date_created, blacklisted_by_user, scheme, password_type, times_used, form_data, display_name, icon_url, federation_url, skip_zero_click, generation_upload_status, possible_username_pairs, id, date_last_used, moving_blocked_for, date_password_modified) VALUES (?,?,?,?,?,?,?,?,?,?,?,?,?,?,?,?,?,?,?,?,?,?,?,?)
10월 12, 2021 16:56:20.647 [21896:10096:1012/165620.647:ERROR:database.cc(1761)] Passwords SQLite error: code 2067 errno 0: UNIQUE constraint failed: logins.origin_url, logins.username_element, logins.username_value, logins.password_element, logins.signon_realm sql: INSERT INTO logins (origin_url, action_url, username_element, username_value, password_element, password_value, submit_element, signon_realm, date_created, blacklisted_by_user, scheme, password_type, times_used, form_data, display_name, icon_url, federation_url, skip_zero_click, generation_upload_status, possible_username_pairs, id, date_last_used, moving_blocked_for, date_password_modified) VALUES (?,?,?,?,?,?,?,?,?,?,?,?,?,?,?,?,?,?,?,?,?,?,?,?)
10월 12, 2021 17:36:21.562 [21896:7492:1012/173621.562:ERROR:database.cc(1761)] Passwords SQLite error: code 2067 errno 0: UNIQUE constraint failed: logins.origin_url, logins.username_element, logins.username_value, logins.password_element, logins.signon_realm sql: INSERT INTO logins (origin_url, action_url, username_element, username_value, password_element, password_value, submit_element, signon_realm, date_created, blacklisted_by_user, scheme, password_type, times_used, form_data, display_name, icon_url, federation_url, skip_zero_click, generation_upload_status, possible_username_pairs, id, date_last_used, moving_blocked_for, date_password_modified) VALUES (?,?,?,?,?,?,?,?,?,?,?,?,?,?,?,?,?,?,?,?,?,?,?,?)
10월 12, 2021 17:52:18.288 [21896:15936:1012/175218.288:ERROR:connection_factory_impl.cc(429)] Failed to connect to MCS endpoint with error -106
10월 12, 2021 17:52:18.784 [21896:15936:1012/175218.784:ERROR:connection_factory_impl.cc(429)] Failed to connect to MCS endpoint with error -106
10월 12, 2021 18:10:58.991 [21896:9328:1012/181058.990:ERROR:device_event_log_impl.cc(214)] [18:10:58.990] USB: usb_service_win.cc:258 Failed to get device driver name: 요소가 없습니다. (0x490)

10월 15, 2021 16:42:15.312 NEW SESSION
10월 15, 2021 16:42:15.312 [10708:11208:1015/164215.311:ERROR:chrome_browser_main_extra_parts_metrics.cc(228)] crbug.com/1216328: Checking Bluetooth availability started. Please report if there is no report that this ends.
10월 15, 2021 16:42:15.313 [10708:11208:1015/164215.311:ERROR:chrome_browser_main_extra_parts_metrics.cc(231)] crbug.com/1216328: Checking Bluetooth availability ended.
10월 15, 2021 16:42:15.314 [10708:11208:1015/164215.311:ERROR:chrome_browser_main_extra_parts_metrics.cc(234)] crbug.com/1216328: Checking default browser status started. Please report if there is no report that this ends.
10월 15, 2021 16:42:15.314 [10708:11208:1015/164215.313:ERROR:chrome_browser_main_extra_parts_metrics.cc(238)] crbug.com/1216328: Checking default browser status ended.
10월 15, 2021 16:42:15.321 [10708:2340:1015/164215.321:ERROR:device_event_log_impl.cc(214)] [16:42:15.320] USB: usb_service_win.cc:389 Could not read device interface GUIDs: 지정된 파일을 찾을 수 없습니다. (0x2)
10월 15, 2021 16:42:15.324 [10708:2340:1015/164215.324:ERROR:device_event_log_impl.cc(214)] [16:42:15.324] USB: usb_device_handle_win.cc:1048 Failed to read descriptor from node connection: 시스템에 부착된 장치가 작동하지 않습니다. (0x1F)
10월 15, 2021 16:42:50.500 [10708:19660:1015/164250.500:ERROR:database.cc(1761)] Passwords SQLite error: code 2067 errno 0: UNIQUE constraint failed: logins.origin_url, logins.username_element, logins.username_value, logins.password_element, logins.signon_realm sql: INSERT INTO logins (origin_url, action_url, username_element, username_value, password_element, password_value, submit_element, signon_realm, date_created, blacklisted_by_user, scheme, password_type, times_used, form_data, display_name, icon_url, federation_url, skip_zero_click, generation_upload_status, possible_username_pairs, id, date_last_used, moving_blocked_for, date_password_modified) VALUES (?,?,?,?,?,?,?,?,?,?,?,?,?,?,?,?,?,?,?,?,?,?,?,?)
10월 15, 2021 17:14:56.740 [10708:2340:1015/171456.740:ERROR:device_event_log_impl.cc(214)] [17:14:56.740] USB: usb_service_win.cc:258 Failed to get device driver name: 요소가 없습니다. (0x490)
